This is pdfTeX, Version 3.1415926-2.3-1.40.12 (MiKTeX 2.9) (preloaded format=pdflatex 2016.5.5)  30 OCT 2016 17:49
entering extended mode
**C:/Github/Data-Analysis-Using-R/STATS202B_Matrix_Algebra&Optimization/Latex_R
eport/202Bfinal.tex

(C:/Github/Data-Analysis-Using-R/STATS202B_Matrix_Algebra&Optimization/Latex_Re
port/202Bfinal.tex
LaTeX2e <2011/06/27>
Babel <v3.8m> and hyphenation patterns for loaded.
(C:\Tools\CTEX\MiKTeX\tex\latex\base\article.cls
Document Class: article 2007/10/19 v1.4h Standard LaTeX document class
(C:\Tools\CTEX\MiKTeX\tex\latex\base\size12.clo
File: size12.clo 2007/10/19 v1.4h Standard LaTeX file (size option)
)
\c@part=\count79
\c@section=\count80
\c@subsection=\count81
\c@subsubsection=\count82
\c@paragraph=\count83
\c@subparagraph=\count84
\c@figure=\count85
\c@table=\count86
\abovecaptionskip=\skip41
\belowcaptionskip=\skip42
\bibindent=\dimen102
)
(C:\Tools\CTEX\MiKTeX\tex\latex\geometry\geometry.sty
Package: geometry 2010/09/12 v5.6 Page Geometry

(C:\Tools\CTEX\MiKTeX\tex\latex\graphics\keyval.sty
Package: keyval 1999/03/16 v1.13 key=value parser (DPC)
\KV@toks@=\toks14
)
(C:\Tools\CTEX\MiKTeX\tex\generic\oberdiek\ifpdf.sty
Package: ifpdf 2011/01/30 v2.3 Provides the ifpdf switch (HO)
Package ifpdf Info: pdfTeX in PDF mode is detected.
)
(C:\Tools\CTEX\MiKTeX\tex\generic\oberdiek\ifvtex.sty
Package: ifvtex 2010/03/01 v1.5 Switches for detecting VTeX and its modes (HO)
Package ifvtex Info: VTeX not detected.
)
(C:\Tools\CTEX\MiKTeX\tex\generic\ifxetex\ifxetex.sty
Package: ifxetex 2010/09/12 v0.6 Provides ifxetex conditional
)
\Gm@cnth=\count87
\Gm@cntv=\count88
\c@Gm@tempcnt=\count89
\Gm@bindingoffset=\dimen103
\Gm@wd@mp=\dimen104
\Gm@odd@mp=\dimen105
\Gm@even@mp=\dimen106
\Gm@layoutwidth=\dimen107
\Gm@layoutheight=\dimen108
\Gm@layouthoffset=\dimen109
\Gm@layoutvoffset=\dimen110
\Gm@dimlist=\toks15

(C:\Tools\CTEX\MiKTeX\tex\latex\geometry\geometry.cfg))
(C:\Tools\CTEX\MiKTeX\tex\latex\graphics\graphicx.sty
Package: graphicx 1999/02/16 v1.0f Enhanced LaTeX Graphics (DPC,SPQR)

(C:\Tools\CTEX\MiKTeX\tex\latex\graphics\graphics.sty
Package: graphics 2009/02/05 v1.0o Standard LaTeX Graphics (DPC,SPQR)

(C:\Tools\CTEX\MiKTeX\tex\latex\graphics\trig.sty
Package: trig 1999/03/16 v1.09 sin cos tan (DPC)
)
(C:\Tools\CTEX\MiKTeX\tex\latex\00miktex\graphics.cfg
File: graphics.cfg 2007/01/18 v1.5 graphics configuration of teTeX/TeXLive
)
Package graphics Info: Driver file: pdftex.def on input line 91.

(C:\Tools\CTEX\MiKTeX\tex\latex\pdftex-def\pdftex.def
File: pdftex.def 2011/05/27 v0.06d Graphics/color for pdfTeX

(C:\Tools\CTEX\MiKTeX\tex\generic\oberdiek\infwarerr.sty
Package: infwarerr 2010/04/08 v1.3 Providing info/warning/message (HO)
)
(C:\Tools\CTEX\MiKTeX\tex\generic\oberdiek\ltxcmds.sty
Package: ltxcmds 2011/04/18 v1.20 LaTeX kernel commands for general use (HO)
)
\Gread@gobject=\count90
))
\Gin@req@height=\dimen111
\Gin@req@width=\dimen112
)
(C:\Tools\CTEX\MiKTeX\tex\latex\amsfonts\amssymb.sty
Package: amssymb 2009/06/22 v3.00

(C:\Tools\CTEX\MiKTeX\tex\latex\amsfonts\amsfonts.sty
Package: amsfonts 2009/06/22 v3.00 Basic AMSFonts support
\@emptytoks=\toks16
\symAMSa=\mathgroup4
\symAMSb=\mathgroup5
LaTeX Font Info:    Overwriting math alphabet `\mathfrak' in version `bold'
(Font)                  U/euf/m/n --> U/euf/b/n on input line 96.
))
(C:\Tools\CTEX\MiKTeX\tex\latex\ams\math\amsmath.sty
Package: amsmath 2000/07/18 v2.13 AMS math features
\@mathmargin=\skip43

For additional information on amsmath, use the `?' option.
(C:\Tools\CTEX\MiKTeX\tex\latex\ams\math\amstext.sty
Package: amstext 2000/06/29 v2.01

(C:\Tools\CTEX\MiKTeX\tex\latex\ams\math\amsgen.sty
File: amsgen.sty 1999/11/30 v2.0
\@emptytoks=\toks17
\ex@=\dimen113
))
(C:\Tools\CTEX\MiKTeX\tex\latex\ams\math\amsbsy.sty
Package: amsbsy 1999/11/29 v1.2d
\pmbraise@=\dimen114
)
(C:\Tools\CTEX\MiKTeX\tex\latex\ams\math\amsopn.sty
Package: amsopn 1999/12/14 v2.01 operator names
)
\inf@bad=\count91
LaTeX Info: Redefining \frac on input line 211.
\uproot@=\count92
\leftroot@=\count93
LaTeX Info: Redefining \overline on input line 307.
\classnum@=\count94
\DOTSCASE@=\count95
LaTeX Info: Redefining \ldots on input line 379.
LaTeX Info: Redefining \dots on input line 382.
LaTeX Info: Redefining \cdots on input line 467.
\Mathstrutbox@=\box26
\strutbox@=\box27
\big@size=\dimen115
LaTeX Font Info:    Redeclaring font encoding OML on input line 567.
LaTeX Font Info:    Redeclaring font encoding OMS on input line 568.
\macc@depth=\count96
\c@MaxMatrixCols=\count97
\dotsspace@=\muskip10
\c@parentequation=\count98
\dspbrk@lvl=\count99
\tag@help=\toks18
\row@=\count100
\column@=\count101
\maxfields@=\count102
\andhelp@=\toks19
\eqnshift@=\dimen116
\alignsep@=\dimen117
\tagshift@=\dimen118
\tagwidth@=\dimen119
\totwidth@=\dimen120
\lineht@=\dimen121
\@envbody=\toks20
\multlinegap=\skip44
\multlinetaggap=\skip45
\mathdisplay@stack=\toks21
LaTeX Info: Redefining \[ on input line 2666.
LaTeX Info: Redefining \] on input line 2667.
)
(C:\Tools\CTEX\MiKTeX\tex\latex\caption\caption.sty
Package: caption 2011/11/10 v3.2e Customizing captions (AR)

(C:\Tools\CTEX\MiKTeX\tex\latex\caption\caption3.sty
Package: caption3 2011/11/01 v1.4a caption3 kernel (AR)
\captionmargin=\dimen122
\captionmargin@=\dimen123
\captionwidth=\dimen124
\caption@indent=\dimen125
\caption@parindent=\dimen126
\caption@hangindent=\dimen127
)
\c@ContinuedFloat=\count103
)
(C:\Tools\CTEX\MiKTeX\tex\latex\caption\subcaption.sty
Package: subcaption 2011/10/30 v1.1c Sub-captions (AR)
\c@subfigure=\count104
\c@subtable=\count105
)
(C:\Tools\CTEX\MiKTeX\tex\latex\float\float.sty
Package: float 2001/11/08 v1.3d Float enhancements (AL)
\c@float@type=\count106
\float@exts=\toks22
\float@box=\box28
\@float@everytoks=\toks23
\@floatcapt=\box29
)
(C:\Github\Data-Analysis-Using-R\STATS202B_Matrix_Algebra&Optimization\Latex_Re
port\202Bfinal.aux)
LaTeX Font Info:    Checking defaults for OML/cmm/m/it on input line 18.
LaTeX Font Info:    ... okay on input line 18.
LaTeX Font Info:    Checking defaults for T1/cmr/m/n on input line 18.
LaTeX Font Info:    ... okay on input line 18.
LaTeX Font Info:    Checking defaults for OT1/cmr/m/n on input line 18.
LaTeX Font Info:    ... okay on input line 18.
LaTeX Font Info:    Checking defaults for OMS/cmsy/m/n on input line 18.
LaTeX Font Info:    ... okay on input line 18.
LaTeX Font Info:    Checking defaults for OMX/cmex/m/n on input line 18.
LaTeX Font Info:    ... okay on input line 18.
LaTeX Font Info:    Checking defaults for U/cmr/m/n on input line 18.
LaTeX Font Info:    ... okay on input line 18.

*geometry* driver: auto-detecting
*geometry* detected driver: pdftex
*geometry* verbose mode - [ preamble ] result:
* driver: pdftex
* paper: <default>
* layout: <same size as paper>
* layoutoffset:(h,v)=(0.0pt,0.0pt)
* modes: 
* h-part:(L,W,R)=(76.82234pt, 460.65031pt, 76.82234pt)
* v-part:(T,H,B)=(76.82234pt, 641.3253pt, 76.82234pt)
* \paperwidth=614.295pt
* \paperheight=794.96999pt
* \textwidth=460.65031pt
* \textheight=641.3253pt
* \oddsidemargin=4.55235pt
* \evensidemargin=4.55235pt
* \topmargin=-32.44765pt
* \headheight=12.0pt
* \headsep=25.0pt
* \topskip=12.0pt
* \footskip=30.0pt
* \marginparwidth=44.0pt
* \marginparsep=10.0pt
* \columnsep=10.0pt
* \skip\footins=10.8pt plus 4.0pt minus 2.0pt
* \hoffset=0.0pt
* \voffset=0.0pt
* \mag=1000
* \@twocolumnfalse
* \@twosidefalse
* \@mparswitchfalse
* \@reversemarginfalse
* (1in=72.27pt=25.4mm, 1cm=28.453pt)

(C:\Tools\CTEX\MiKTeX\tex\context\base\supp-pdf.mkii
[Loading MPS to PDF converter (version 2006.09.02).]
\scratchcounter=\count107
\scratchdimen=\dimen128
\scratchbox=\box30
\nofMPsegments=\count108
\nofMParguments=\count109
\everyMPshowfont=\toks24
\MPscratchCnt=\count110
\MPscratchDim=\dimen129
\MPnumerator=\count111
\makeMPintoPDFobject=\count112
\everyMPtoPDFconversion=\toks25
)
Package caption Info: Begin \AtBeginDocument code.
Package caption Info: float package is loaded.
Package caption Info: End \AtBeginDocument code.
LaTeX Font Info:    Try loading font information for U+msa on input line 19.
 (C:\Tools\CTEX\MiKTeX\tex\latex\amsfonts\umsa.fd
File: umsa.fd 2009/06/22 v3.00 AMS symbols A
)
LaTeX Font Info:    Try loading font information for U+msb on input line 19.

(C:\Tools\CTEX\MiKTeX\tex\latex\amsfonts\umsb.fd
File: umsb.fd 2009/06/22 v3.00 AMS symbols B
)
Underfull \hbox (badness 10000) in paragraph at lines 22--23

 []

[1

{C:/Tools/CTEX/UserData/pdftex/config/pdftex.map{Unicode.sfd}{UGBK.sfd}}]
LaTeX Font Info:    Try loading font information for OMS+cmr on input line 33.

(C:\Tools\CTEX\MiKTeX\tex\latex\base\omscmr.fd
File: omscmr.fd 1999/05/25 v2.5h Standard LaTeX font definitions
)
LaTeX Font Info:    Font shape `OMS/cmr/m/n' in size <12> not available
(Font)              Font shape `OMS/cmsy/m/n' tried instead on input line 33.
 [2] [3]
<ols_res.pdf, id=22, 614.295pt x 794.97pt>
File: ols_res.pdf Graphic file (type pdf)
 <use ols_res.pdf>
Package pdftex.def Info: ols_res.pdf used on input line 127.
(pdftex.def)             Requested size: 218.81206pt x 170.709pt.

<ols_fit.pdf, id=23, 614.295pt x 794.97pt>
File: ols_fit.pdf Graphic file (type pdf)
 <use ols_fit.pdf>
Package pdftex.def Info: ols_fit.pdf used on input line 133.
(pdftex.def)             Requested size: 218.81206pt x 170.709pt.
 [4] [5 <C:/Github/Data-Analysis-Using-R/STATS202B_Matrix_Algebra&Optimization/
Latex_Report/ols_res.pdf> <C:/Github/Data-Analysis-Using-R/STATS202B_Matrix_Alg
ebra&Optimization/Latex_Report/ols_fit.pdf>] [6] <glm_ols_res.pdf, id=46, 614.2
95pt x 794.97pt>
File: glm_ols_res.pdf Graphic file (type pdf)

<use glm_ols_res.pdf>
Package pdftex.def Info: glm_ols_res.pdf used on input line 216.
(pdftex.def)             Requested size: 218.81206pt x 170.709pt.
 <glm_ols_fit.pdf, id=47, 614.295pt x 794.97pt>
File: glm_ols_fit.pdf Graphic file (type pdf)

<use glm_ols_fit.pdf>
Package pdftex.def Info: glm_ols_fit.pdf used on input line 222.
(pdftex.def)             Requested size: 218.81206pt x 170.709pt.
 <tls_res.pdf, id=48, 614.295pt x 794.97pt>
File: tls_res.pdf Graphic file (type pdf)

<use tls_res.pdf>
Package pdftex.def Info: tls_res.pdf used on input line 238.
(pdftex.def)             Requested size: 218.81206pt x 170.709pt.
 <tls_fit.pdf, id=49, 614.295pt x 794.97pt>
File: tls_fit.pdf Graphic file (type pdf)
 <use tls_fit.pdf>
Package pdftex.def Info: tls_fit.pdf used on input line 244.
(pdftex.def)             Requested size: 218.81206pt x 170.709pt.

[7 <C:/Github/Data-Analysis-Using-R/STATS202B_Matrix_Algebra&Optimization/Latex
_Report/glm_ols_res.pdf> <C:/Github/Data-Analysis-Using-R/STATS202B_Matrix_Alge
bra&Optimization/Latex_Report/glm_ols_fit.pdf>] [8 <C:/Github/Data-Analysis-Usi
ng-R/STATS202B_Matrix_Algebra&Optimization/Latex_Report/tls_res.pdf> <C:/Github
/Data-Analysis-Using-R/STATS202B_Matrix_Algebra&Optimization/Latex_Report/tls_f
it.pdf>]
Missing character: There is no ¡ in font cmr12!
Missing character: There is no ° in font cmr12!
 <cor_trans.pdf, id=77, 614.295pt x 794.97pt>
File: cor_trans.pdf Graphic file (type pdf)
 <use cor_trans.pdf>
Package pdftex.def Info: cor_trans.pdf used on input line 292.
(pdftex.def)             Requested size: 218.81206pt x 170.709pt.

<cor_port.pdf, id=78, 614.295pt x 794.97pt>
File: cor_port.pdf Graphic file (type pdf)
 <use cor_port.pdf>
Package pdftex.def Info: cor_port.pdf used on input line 298.
(pdftex.def)             Requested size: 218.81206pt x 170.709pt.


LaTeX Warning: `h' float specifier changed to `ht'.

[9] <aov_res.pdf, id=82, 614.295pt x 794.97pt>
File: aov_res.pdf Graphic file (type pdf)
 <use aov_res.pdf>
Package pdftex.def Info: aov_res.pdf used on input line 329.
(pdftex.def)             Requested size: 218.81206pt x 170.709pt.

<aov_qq.pdf, id=83, 614.295pt x 794.97pt>
File: aov_qq.pdf Graphic file (type pdf)
 <use aov_qq.pdf>
Package pdftex.def Info: aov_qq.pdf used on input line 335.
(pdftex.def)             Requested size: 218.81206pt x 170.709pt.
 [10 <C:/Github/Data-Analysis-Using-R/STATS202B_Matrix_Algebra&Optimization/Lat
ex_Report/cor_trans.pdf> <C:/Github/Data-Analysis-Using-R/STATS202B_Matrix_Alge
bra&Optimization/Latex_Report/cor_port.pdf>] <res_den.pdf, id=97, 614.295pt x 7
94.97pt>
File: res_den.pdf Graphic file (type pdf)

<use res_den.pdf>
Package pdftex.def Info: res_den.pdf used on input line 350.
(pdftex.def)             Requested size: 218.81206pt x 170.709pt.
 <res_qq.pdf, id=98, 614.295pt x 794.97pt>
File: res_qq.pdf Graphic file (type pdf)
 <use res_qq.pdf>
Package pdftex.def Info: res_qq.pdf used on input line 356.
(pdftex.def)             Requested size: 218.81206pt x 170.709pt.

[11 <C:/Github/Data-Analysis-Using-R/STATS202B_Matrix_Algebra&Optimization/Late
x_Report/aov_res.pdf> <C:/Github/Data-Analysis-Using-R/STATS202B_Matrix_Algebra
&Optimization/Latex_Report/aov_qq.pdf> <C:/Github/Data-Analysis-Using-R/STATS20
2B_Matrix_Algebra&Optimization/Latex_Report/res_den.pdf> <C:/Github/Data-Analys
is-Using-R/STATS202B_Matrix_Algebra&Optimization/Latex_Report/res_qq.pdf>]
Missing character: There is no ¡ in font cmr12!
Missing character: There is no ¯ in font cmr12!
Missing character: There is no ¨ in font cmr12!
Missing character: There is no ¨ in font cmr12!

[12]
(C:\Github\Data-Analysis-Using-R\STATS202B_Matrix_Algebra&Optimization\Latex_Re
port\202Bfinal.aux) ) 
Here is how much of TeX's memory you used:
 3730 strings out of 495354
 53142 string characters out of 3183524
 120024 words of memory out of 3000000
 6861 multiletter control sequences out of 15000+200000
 13180 words of font info for 51 fonts, out of 3000000 for 9000
 14 hyphenation exceptions out of 8191
 36i,15n,38p,982b,442s stack positions out of 5000i,500n,10000p,200000b,50000s
<C:/Tools/CTEX/MiKTeX/fonts/type1/public/amsfonts/cm/cmbx1
0.pfb><C:/Tools/CTEX/MiKTeX/fonts/type1/public/amsfonts/cm/cmbx12.pfb><C:/Tools
/CTEX/MiKTeX/fonts/type1/public/amsfonts/cm/cmex10.pfb><C:/Tools/CTEX/MiKTeX/fo
nts/type1/public/amsfonts/cm/cmmi12.pfb><C:/Tools/CTEX/MiKTeX/fonts/type1/publi
c/amsfonts/cm/cmmi6.pfb><C:/Tools/CTEX/MiKTeX/fonts/type1/public/amsfonts/cm/cm
mi8.pfb><C:/Tools/CTEX/MiKTeX/fonts/type1/public/amsfonts/cm/cmr10.pfb><C:/Tool
s/CTEX/MiKTeX/fonts/type1/public/amsfonts/cm/cmr12.pfb><C:/Tools/CTEX/MiKTeX/fo
nts/type1/public/amsfonts/cm/cmr17.pfb><C:/Tools/CTEX/MiKTeX/fonts/type1/public
/amsfonts/cm/cmr8.pfb><C:/Tools/CTEX/MiKTeX/fonts/type1/public/amsfonts/cm/cmsy
10.pfb><C:/Tools/CTEX/MiKTeX/fonts/type1/public/amsfonts/cm/cmsy6.pfb><C:/Tools
/CTEX/MiKTeX/fonts/type1/public/amsfonts/cm/cmsy8.pfb><C:/Tools/CTEX/MiKTeX/fon
ts/type1/public/amsfonts/cm/cmtt12.pfb>
Output written on 202Bfinal.pdf (12 pages, 2972373 bytes).
PDF statistics:
 172 PDF objects out of 1000 (max. 8388607)
 0 named destinations out of 1000 (max. 500000)
 61 words of extra memory for PDF output out of 10000 (max. 10000000)

